<<<<<<< HEAD
10:18:11 **** Build of configuration Release for project BurnerGateway ****
make -j12 all 
../makefile.targets:32: warning: overriding recipe for target 'BurnerGateway.bin'
makefile:76: warning: ignoring old recipe for target 'BurnerGateway.bin'
Building file: ../src/reajet/reajet_runtime.cpp
Building file: ../src/mapping/mapping_runtime.cpp
Building file: ../src/http/http_handlers_core.cpp
Building file: ../src/http/http_handlers_tags.cpp
Building file: ../src/http/http_register.cpp
Building file: ../src/enip/enip_runtime.cpp
Building file: ../src/core/core_state.cpp
Invoking: GNU C++ Compiler
Invoking: GNU C++ Compiler
Invoking: GNU C++ Compiler
Building file: ../src/main.cpp
Invoking: GNU C++ Compiler
Invoking: GNU C++ Compiler
Invoking: GNU C++ Compiler
Invoking: GNU C++ Compiler
Invoking: GNU C++ Compiler
Finished building: ../src/reajet/reajet_runtime.cpp
Finished building: ../src/mapping/mapping_runtime.cpp
Finished building: ../src/http/http_handlers_core.cpp
Finished building: ../src/core/core_state.cpp
Finished building: ../src/http/http_handlers_tags.cpp
Finished building: ../src/http/http_register.cpp
Finished building: ../src/enip/enip_runtime.cpp
 
 
 
 
 
 
 
Finished building: ../src/main.cpp
 
Time stamping BurnerGateway_linkDTStamp.o
Invoking: GNU C/C++ Linker
Finished building: BurnerGateway.elf
 
Invoking: GNU Objcopy
Finished building: BurnerGateway.s19
 
Building target: BurnerGateway.bin

Block starts at 40000400 
Block ends at 40163d18 
Block size= 1422K
Execution starts at 40000490 
compressed 1456408 bytes into 578843 bytes
Code CheckSum= 682ab196
Struct CheckSum= 5a0b89f5
S records output with a base address of 4000
S records output with a final address of 91533

******************************Build summary ******************************
Used 578867 bytes of 8372224 available flash (6.91%)
Used 1806384 bytes of 67108095 available ram (2.69%)
NNDK release tag version:3.5.8
Finished building target: BurnerGateway.bin
 

10:18:17 Build Finished. 0 errors, 2 warnings. (took 6s.40ms)
=======
18:44:20 **** Auto Build of configuration Release for project BurnerGateway ****
make -j32 all 

18:44:20 Build Finished. 0 errors, 0 warnings. (took 427ms)
>>>>>>> fe6e46181fe9f5130f25d8e82ce556e0411ff3ef

