10:17:54 **** Build of configuration Release for project BurnerGateway ****
make -j12 loadapp LOAD_TARGET=NBIMAGE NBIMAGE=BurnerGateway.bin DEVIP=192.168.131.220 
../makefile.targets:32: warning: overriding recipe for target 'BurnerGateway.bin'
makefile:76: warning: ignoring old recipe for target 'BurnerGateway.bin'
Uploading BurnerGateway.bin to 192.168.131.220:20034...
Running: C:/nburn/gcc/bin/../msys/1.0/bin/wget.exe -nv -O- --tries=1 --connect-timeout=10 --read-timeout=30 --auth-no-challenge --user= --password= --progress=dot:micro --post-file=BurnerGateway.bin 192.168.131.220:20034/appupdate.htm
<HEAD><TITLE>Program Successful</TITLE></HEAD>
<BODY><H1>Program success!</H1></BODY>
<<<<<<< HEAD
2026-06-22 10:17:55 URL:http://192.168.131.220:20034/appupdate.htm [87] -> "-" [1]
10:18:09 **** Clean-only build of configuration Release for project BurnerGateway ****
make -j12 clean 
../makefile.targets:32: warning: overriding recipe for target 'BurnerGateway.bin'
makefile:76: warning: ignoring old recipe for target 'BurnerGateway.bin'
 
10:18:10 **** Clean-only build of configuration Release for project BurnerGateway ****
make -j12 clean 
../makefile.targets:32: warning: overriding recipe for target 'BurnerGateway.bin'
makefile:76: warning: ignoring old recipe for target 'BurnerGateway.bin'
 
10:18:11 **** Build of configuration Release for project BurnerGateway ****
make -j12 all 
../makefile.targets:32: warning: overriding recipe for target 'BurnerGateway.bin'
makefile:76: warning: ignoring old recipe for target 'BurnerGateway.bin'
=======
18:41:26 **** Build of configuration Release for project BurnerGateway ****
make -j32 all 
>>>>>>> fe6e46181fe9f5130f25d8e82ce556e0411ff3ef
Building file: ../src/reajet/reajet_runtime.cpp
Building file: ../src/mapping/mapping_runtime.cpp
Building file: ../src/http/http_handlers_core.cpp
Building file: ../src/http/http_handlers_tags.cpp
Building file: ../src/http/http_register.cpp
<<<<<<< HEAD
Building file: ../src/enip/enip_runtime.cpp
Building file: ../src/core/core_state.cpp
Invoking: GNU C++ Compiler
Invoking: GNU C++ Compiler
Invoking: GNU C++ Compiler
Building file: ../src/main.cpp
Invoking: GNU C++ Compiler
Invoking: GNU C++ Compiler
Invoking: GNU C++ Compiler
Invoking: GNU C++ Compiler
Invoking: GNU C++ Compiler
Finished building: ../src/reajet/reajet_runtime.cpp
Finished building: ../src/mapping/mapping_runtime.cpp
Finished building: ../src/http/http_handlers_core.cpp
Finished building: ../src/core/core_state.cpp
Finished building: ../src/http/http_handlers_tags.cpp
Finished building: ../src/http/http_register.cpp
Finished building: ../src/enip/enip_runtime.cpp
=======
Invoking: GNU C++ Compiler
Invoking: GNU C++ Compiler
Invoking: GNU C++ Compiler
Invoking: GNU C++ Compiler
Building file: ../src/enip/enip_runtime.cpp
Invoking: GNU C++ Compiler
Invoking: GNU C++ Compiler
Building file: ../src/core/core_state.cpp
Invoking: GNU C++ Compiler
Building file: ../src/main.cpp
Invoking: GNU C++ Compiler
Reading files from ../html and compressing them into htmldata.cpp
Ignoring files and directories: CVS, cvs, .SVN, .svn, .git, .GIT, .nbaccess
MIME_file: C:/nburn/pcbin/MIME_magic.txt

Building MIME list..... Done
Processing /devices.html 12920 bytes
Processing /help.js 15881 bytes
Processing /index.html 2080 bytes
Processing /logo_trans.png 157868 bytes
Processing /mapping.html 69725 bytes
Processing /network.html 18136 bytes
Processing /status.html 13677 bytes
Processing /style.css 15730 bytes
Result counts = 251 total_ends :126
96028 bytes out of 146953 original encode out of 306017 total original 
Processing /devices.html 12920 bytes
Processing /help.js 15881 bytes
Processing /index.html 2080 bytes
Processing /logo_trans.png 157868 bytes
Processing /mapping.html 69725 bytes
Processing /network.html 18136 bytes
Processing /status.html 13677 bytes
Processing /style.css 15730 bytes
Finished building: ../src/reajet/reajet_runtime.cpp
Finished building: ../src/mapping/mapping_runtime.cpp
Finished building: ../src/http/http_handlers_core.cpp
Finished building: ../src/http/http_handlers_tags.cpp
Finished building: ../src/http/http_register.cpp
Finished building: ../src/enip/enip_runtime.cpp
Finished building: ../src/core/core_state.cpp
>>>>>>> fe6e46181fe9f5130f25d8e82ce556e0411ff3ef
 
 
 
 
 
 
 
Finished building: ../src/main.cpp
 
Time stamping BurnerGateway_linkDTStamp.o
Invoking: GNU C/C++ Linker
Finished building: BurnerGateway.elf
 
Invoking: GNU Objcopy
Finished building: BurnerGateway.s19
 
Building target: BurnerGateway.bin
<<<<<<< HEAD

Block starts at 40000400 
Block ends at 40163d18 
Block size= 1422K
Execution starts at 40000490 
compressed 1456408 bytes into 578843 bytes
Code CheckSum= 682ab196
Struct CheckSum= 5a0b89f5
S records output with a base address of 4000
S records output with a final address of 91533

******************************Build summary ******************************
Used 578867 bytes of 8372224 available flash (6.91%)
Used 1806384 bytes of 67108095 available ram (2.69%)
NNDK release tag version:3.5.8
Finished building target: BurnerGateway.bin
 
=======
Invoking: NB Compcode

Block starts at 40000400 
Block ends at 4015a7c0 
Block size= 1384K
Execution starts at 40000490 
compressed 1418176 bytes into 567808 bytes
Code CheckSum= eaf5efc3
Struct CheckSum= d7410c3b
S records output with a base address of c0040000
S records output with a final address of c00caa18

******************************Build summary ******************************
Used 567832 bytes of 33030144 available flash (1.72%)
Used 1701608 bytes of 67108095 available ram (2.54%)
NNDK release tag version:3.5.7
Finished building target: BurnerGateway.bin
 
18:42:08 **** Auto Build of configuration Release for project BurnerGateway ****
make -j32 all 
Time stamping BurnerGateway_linkDTStamp.o
Invoking: GNU C/C++ Linker
Finished building: BurnerGateway.elf
 
Invoking: GNU Objcopy
Finished building: BurnerGateway.s19
 
Building target: BurnerGateway.bin
Invoking: NB Compcode

Block starts at 40000400 
Block ends at 4015a7c0 
Block size= 1384K
Execution starts at 40000490 
compressed 1418176 bytes into 567809 bytes
Code CheckSum= e8f4f0c3
Struct CheckSum= d9420b3a
S records output with a base address of c0040000
S records output with a final address of c00caa19

******************************Build summary ******************************
Used 567833 bytes of 33030144 available flash (1.72%)
Used 1701608 bytes of 67108095 available ram (2.54%)
NNDK release tag version:3.5.7
Finished building target: BurnerGateway.bin
 
18:44:20 **** Auto Build of configuration Release for project BurnerGateway ****
make -j32 all 
>>>>>>> fe6e46181fe9f5130f25d8e82ce556e0411ff3ef
